<?xml version="1.0" encoding="UTF-8"?>
<!-- Generated by org.testng.reporters.JUnitReportReporter -->
<testsuite skipped="1" hostname="L-156180933" name="testNg.DemoProgram4" tests="3" failures="0" timestamp="2020-10-04T13:39:14 IST" time="0.029" errors="0">
  <testcase name="MobileSignin" time="0.021" classname="testNg.DemoProgram4"/>
  <system-out/>
  <testcase name="MobileSignout" time="0.008" classname="testNg.DemoProgram4"/>
  <system-out/>
  <testcase name="MobileLogin" classname="testNg.DemoProgram4">
    <skipped/>
  </testcase> <!-- MobileLogin -->
  <system-out/>
</testsuite> <!-- testNg.DemoProgram4 -->
