<?xml version="1.0" encoding="UTF-8"?>
<!-- Generated by org.testng.reporters.JUnitReportReporter -->
<testsuite skipped="0" hostname="L-156180933" name="testNg.DemoProgram3" tests="1" failures="0" timestamp="2020-10-10T13:20:59 IST" time="0.002" errors="0">
  <testcase name="arithmetic" time="0.002" classname="testNg.DemoProgram3"/>
  <system-out/>
</testsuite> <!-- testNg.DemoProgram3 -->
