<?xml version="1.0" encoding="UTF-8"?>
<!-- Generated by org.testng.reporters.JUnitReportReporter -->
<testsuite skipped="0" hostname="L-156180933" name="testNg.AnnotationConcept" tests="1" failures="0" timestamp="2021-01-13T16:44:46 IST" time="0.010" errors="0">
  <testcase name="subtration" time="0.010" classname="testNg.AnnotationConcept"/>
  <system-out/>
</testsuite> <!-- testNg.AnnotationConcept -->
