<?xml version="1.0" encoding="UTF-8"?>
<!-- Generated by org.testng.reporters.JUnitReportReporter -->
<testsuite skipped="0" hostname="L-156180933" name="testNg.DemoProgram" tests="5" failures="0" timestamp="2020-10-10T13:20:59 IST" time="0.027" errors="0">
  <testcase name="dataProvider" time="0.002" classname="testNg.DemoProgram"/>
  <system-out/>
  <testcase name="dataProvider" time="0.002" classname="testNg.DemoProgram"/>
  <system-out/>
  <testcase name="dataProvider" time="0.003" classname="testNg.DemoProgram"/>
  <system-out/>
  <testcase name="subtract" time="0.005" classname="testNg.DemoProgram"/>
  <system-out/>
  <testcase name="add" time="0.015" classname="testNg.DemoProgram"/>
  <system-out/>
</testsuite> <!-- testNg.DemoProgram -->
